<?xml version="1.0" encoding="UTF-8"?>
<!-- Generated by org.testng.reporters.JUnitReportReporter -->
<testsuite hostname="DESKTOP-SU1FUD9" failures="0" tests="3" name="datadrivenOnline.login" time="0.056" errors="0" timestamp="2023-02-20T22:29:16 IST" skipped="0">
  <testcase classname="datadrivenOnline.login" name="before" time="0.043"/>
  <system-out/>
  <testcase classname="datadrivenOnline.login" name="tart" time="0.009"/>
  <system-out/>
  <testcase classname="datadrivenOnline.login" name="start" time="0.004"/>
  <system-out/>
</testsuite> <!-- datadrivenOnline.login -->
